app/build/intermediates/manifest_merge_blame_file/debug/manifest-merger-blame-debug-report.txt
1<?xml version="1.0" encoding="utf-8"?>
2<!--
3 Copyright (c) 2010-2011, The MiCode Open Source Community (www.micode.net)
4
5     Licensed under the Apache License, Version 2.0 (the "License");
6     you may not use this file except in compliance with the License.
7     You may obtain a copy of the License at
8
9          http://www.apache.org/licenses/LICENSE-2.0
10
11     Unless required by applicable law or agreed to in writing, software
12     distributed under the License is distributed on an "AS IS" BASIS,
13     WITHOUT WARRANTIES OR CONDITIONS OF ANY KIND, either express or implied.
14     See the License for the specific language governing permissions and
15     limitations under the License.
16-->
17<manifest xmlns:android="http://schemas.android.com/apk/res/android"
18    package="net.micode.notes"
19    android:versionCode="1"
20    android:versionName="0.1" >
21
22    <uses-sdk
22-->src\main\AndroidManifest.xml:24:5-44
23        android:minSdkVersion="14"
23-->src\main\AndroidManifest.xml:24:15-41
24        android:targetSdkVersion="32" />
24-->src\main\AndroidManifest.xml:24:5-44
25
26    <uses-permission android:name="android.permission.WRITE_EXTERNAL_STORAGE" />
26-->src\main\AndroidManifest.xml:26:5-81
26-->src\main\AndroidManifest.xml:26:22-78
27    <uses-permission android:name="com.android.launcher.permission.INSTALL_SHORTCUT" />
27-->src\main\AndroidManifest.xml:27:5-88
27-->src\main\AndroidManifest.xml:27:22-85
28    <uses-permission android:name="android.permission.INTERNET" />
28-->src\main\AndroidManifest.xml:28:5-67
28-->src\main\AndroidManifest.xml:28:22-64
29    <uses-permission android:name="android.permission.READ_CONTACTS" />
29-->src\main\AndroidManifest.xml:29:5-72
29-->src\main\AndroidManifest.xml:29:22-69
30    <uses-permission android:name="android.permission.MANAGE_ACCOUNTS" />
30-->src\main\AndroidManifest.xml:30:5-74
30-->src\main\AndroidManifest.xml:30:22-71
31    <uses-permission android:name="android.permission.AUTHENTICATE_ACCOUNTS" />
31-->src\main\AndroidManifest.xml:31:5-80
31-->src\main\AndroidManifest.xml:31:22-77
32    <uses-permission android:name="android.permission.GET_ACCOUNTS" />
32-->src\main\AndroidManifest.xml:32:5-71
32-->src\main\AndroidManifest.xml:32:22-68
33    <uses-permission android:name="android.permission.USE_CREDENTIALS" />
33-->src\main\AndroidManifest.xml:33:5-74
33-->src\main\AndroidManifest.xml:33:22-71
34    <uses-permission android:name="android.permission.RECEIVE_BOOT_COMPLETED" />
34-->src\main\AndroidManifest.xml:34:5-81
34-->src\main\AndroidManifest.xml:34:22-78
35
36    <application
36-->src\main\AndroidManifest.xml:36:5-163:19
37        android:debuggable="true"
38        android:icon="@drawable/icon_app"
38-->src\main\AndroidManifest.xml:37:9-42
39        android:label="@string/app_name"
39-->src\main\AndroidManifest.xml:38:9-41
40        android:testOnly="true" >
41        <activity
41-->src\main\AndroidManifest.xml:39:9-52:20
42            android:name="net.micode.notes.ui.NotesListActivity"
42-->src\main\AndroidManifest.xml:40:13-49
43            android:configChanges="keyboardHidden|orientation|screenSize"
43-->src\main\AndroidManifest.xml:41:13-74
44            android:exported="true"
44-->src\main\AndroidManifest.xml:42:13-36
45            android:label="@string/app_name"
45-->src\main\AndroidManifest.xml:43:13-45
46            android:launchMode="singleTop"
46-->src\main\AndroidManifest.xml:44:13-43
47            android:uiOptions="splitActionBarWhenNarrow"
47-->src\main\AndroidManifest.xml:45:13-57
48            android:windowSoftInputMode="adjustPan" >
48-->src\main\AndroidManifest.xml:46:13-52
49            <intent-filter>
49-->src\main\AndroidManifest.xml:48:13-51:29
50                <action android:name="android.intent.action.MAIN" />
50-->src\main\AndroidManifest.xml:49:17-69
50-->src\main\AndroidManifest.xml:49:25-66
51
52                <category android:name="android.intent.category.LAUNCHER" />
52-->src\main\AndroidManifest.xml:50:17-77
52-->src\main\AndroidManifest.xml:50:27-74
53            </intent-filter>
54        </activity>
55        <activity
55-->src\main\AndroidManifest.xml:54:9-86:20
56            android:name="net.micode.notes.ui.NoteEditActivity"
56-->src\main\AndroidManifest.xml:55:13-48
57            android:configChanges="keyboardHidden|orientation|screenSize"
57-->src\main\AndroidManifest.xml:56:13-74
58            android:exported="true"
58-->src\main\AndroidManifest.xml:57:13-36
59            android:launchMode="singleTop" >
59-->src\main\AndroidManifest.xml:58:13-43
60            <intent-filter android:scheme="http" >
60-->src\main\AndroidManifest.xml:60:13-68:29
60-->src\main\AndroidManifest.xml:61:17-38
61                <action android:name="android.intent.action.VIEW" />
61-->src\main\AndroidManifest.xml:63:17-69
61-->src\main\AndroidManifest.xml:63:25-66
62
63                <category android:name="android.intent.category.DEFAULT" />
63-->src\main\AndroidManifest.xml:64:17-76
63-->src\main\AndroidManifest.xml:64:27-73
64
65                <data android:mimeType="vnd.android.cursor.item/text_note" />
65-->src\main\AndroidManifest.xml:66:17-78
65-->src\main\AndroidManifest.xml:66:23-75
66                <data android:mimeType="vnd.android.cursor.item/call_note" />
66-->src\main\AndroidManifest.xml:66:17-78
66-->src\main\AndroidManifest.xml:66:23-75
67            </intent-filter>
68            <intent-filter>
68-->src\main\AndroidManifest.xml:70:13-76:29
69                <action android:name="android.intent.action.INSERT_OR_EDIT" />
69-->src\main\AndroidManifest.xml:71:17-79
69-->src\main\AndroidManifest.xml:71:25-76
70
71                <category android:name="android.intent.category.DEFAULT" />
71-->src\main\AndroidManifest.xml:64:17-76
71-->src\main\AndroidManifest.xml:64:27-73
72
73                <data android:mimeType="vnd.android.cursor.item/text_note" />
73-->src\main\AndroidManifest.xml:66:17-78
73-->src\main\AndroidManifest.xml:66:23-75
74                <data android:mimeType="vnd.android.cursor.item/call_note" />
74-->src\main\AndroidManifest.xml:66:17-78
74-->src\main\AndroidManifest.xml:66:23-75
75            </intent-filter>
76            <intent-filter>
76-->src\main\AndroidManifest.xml:78:13-81:29
77                <action android:name="android.intent.action.SEARCH" />
77-->src\main\AndroidManifest.xml:79:17-71
77-->src\main\AndroidManifest.xml:79:25-68
78
79                <category android:name="android.intent.category.DEFAULT" />
79-->src\main\AndroidManifest.xml:64:17-76
79-->src\main\AndroidManifest.xml:64:27-73
80            </intent-filter>
81
82            <meta-data
82-->src\main\AndroidManifest.xml:83:13-85:54
83                android:name="android.app.searchable"
83-->src\main\AndroidManifest.xml:84:17-54
84                android:resource="@xml/searchable" />
84-->src\main\AndroidManifest.xml:85:17-51
85        </activity>
86        <activity
86-->src\main\AndroidManifest.xml:88:9-95:20
87            android:name="net.micode.notes.ui.forget"
87-->src\main\AndroidManifest.xml:89:13-38
88            android:exported="true" >
88-->src\main\AndroidManifest.xml:90:13-36
89            <intent-filter>
89-->src\main\AndroidManifest.xml:91:13-94:29
90                <action android:name="android.intent.action.forget" />
90-->src\main\AndroidManifest.xml:92:17-70
90-->src\main\AndroidManifest.xml:92:25-68
91
92                <category android:name="android.intent.category.DEFAULT" />
92-->src\main\AndroidManifest.xml:64:17-76
92-->src\main\AndroidManifest.xml:64:27-73
93            </intent-filter>
94        </activity>
95
96        <provider
96-->src\main\AndroidManifest.xml:97:9-100:43
97            android:name="net.micode.notes.data.NotesProvider"
97-->src\main\AndroidManifest.xml:98:13-63
98            android:authorities="micode_notes"
98-->src\main\AndroidManifest.xml:99:13-47
99            android:multiprocess="true" />
99-->src\main\AndroidManifest.xml:100:13-40
100
101        <receiver
101-->src\main\AndroidManifest.xml:102:9-115:20
102            android:name="net.micode.notes.widget.NoteWidgetProvider_2x"
102-->src\main\AndroidManifest.xml:103:13-57
103            android:exported="true"
103-->src\main\AndroidManifest.xml:104:13-36
104            android:label="@string/app_widget2x2" >
104-->src\main\AndroidManifest.xml:105:13-50
105            <intent-filter>
105-->src\main\AndroidManifest.xml:106:13-110:29
106                <action android:name="android.appwidget.action.APPWIDGET_UPDATE" />
106-->src\main\AndroidManifest.xml:107:17-84
106-->src\main\AndroidManifest.xml:107:25-81
107                <action android:name="android.appwidget.action.APPWIDGET_DELETED" />
107-->src\main\AndroidManifest.xml:108:17-85
107-->src\main\AndroidManifest.xml:108:25-82
108                <action android:name="android.intent.action.PRIVACY_MODE_CHANGED" />
108-->src\main\AndroidManifest.xml:109:17-85
108-->src\main\AndroidManifest.xml:109:25-82
109            </intent-filter>
110
111            <meta-data
111-->src\main\AndroidManifest.xml:112:13-114:58
112                android:name="android.appwidget.provider"
112-->src\main\AndroidManifest.xml:113:17-58
113                android:resource="@xml/widget_2x_info" />
113-->src\main\AndroidManifest.xml:114:17-55
114        </receiver>
115        <receiver
115-->src\main\AndroidManifest.xml:116:9-130:20
116            android:name="net.micode.notes.widget.NoteWidgetProvider_4x"
116-->src\main\AndroidManifest.xml:117:13-57
117            android:exported="true"
117-->src\main\AndroidManifest.xml:118:13-36
118            android:label="@string/app_widget4x4" >
118-->src\main\AndroidManifest.xml:119:13-50
119            <intent-filter>
119-->src\main\AndroidManifest.xml:106:13-110:29
120                <action android:name="android.appwidget.action.APPWIDGET_UPDATE" />
120-->src\main\AndroidManifest.xml:107:17-84
120-->src\main\AndroidManifest.xml:107:25-81
121                <action android:name="android.appwidget.action.APPWIDGET_DELETED" />
121-->src\main\AndroidManifest.xml:108:17-85
121-->src\main\AndroidManifest.xml:108:25-82
122                <action android:name="android.intent.action.PRIVACY_MODE_CHANGED" />
122-->src\main\AndroidManifest.xml:109:17-85
122-->src\main\AndroidManifest.xml:109:25-82
123            </intent-filter>
124
125            <meta-data
125-->src\main\AndroidManifest.xml:112:13-114:58
126                android:name="android.appwidget.provider"
126-->src\main\AndroidManifest.xml:113:17-58
127                android:resource="@xml/widget_4x_info" />
127-->src\main\AndroidManifest.xml:114:17-55
128        </receiver>
129        <receiver
129-->src\main\AndroidManifest.xml:132:9-138:20
130            android:name="net.micode.notes.ui.AlarmInitReceiver"
130-->src\main\AndroidManifest.xml:133:13-49
131            android:exported="true" >
131-->src\main\AndroidManifest.xml:134:13-36
132            <intent-filter>
132-->src\main\AndroidManifest.xml:135:13-137:29
133                <action android:name="android.intent.action.BOOT_COMPLETED" />
133-->src\main\AndroidManifest.xml:136:17-79
133-->src\main\AndroidManifest.xml:136:25-76
134            </intent-filter>
135        </receiver>
136        <receiver
136-->src\main\AndroidManifest.xml:140:9-142:41
137            android:name="net.micode.notes.ui.AlarmReceiver"
137-->src\main\AndroidManifest.xml:141:13-61
138            android:process=":remote" />
138-->src\main\AndroidManifest.xml:142:13-38
139
140        <activity
140-->src\main\AndroidManifest.xml:144:9-148:78
141            android:name="net.micode.notes.ui.AlarmAlertActivity"
141-->src\main\AndroidManifest.xml:145:13-50
142            android:label="@string/app_name"
142-->src\main\AndroidManifest.xml:146:13-45
143            android:launchMode="singleInstance"
143-->src\main\AndroidManifest.xml:147:13-48
144            android:theme="@android:style/Theme.Holo.Wallpaper.NoTitleBar" />
144-->src\main\AndroidManifest.xml:148:13-75
145        <activity
145-->src\main\AndroidManifest.xml:150:9-154:63
146            android:name="net.micode.notes.ui.NotesPreferenceActivity"
146-->src\main\AndroidManifest.xml:151:13-71
147            android:label="@string/preferences_title"
147-->src\main\AndroidManifest.xml:152:13-54
148            android:launchMode="singleTop"
148-->src\main\AndroidManifest.xml:153:13-43
149            android:theme="@android:style/Theme.Holo.Light" />
149-->src\main\AndroidManifest.xml:154:13-60
150
151        <service
151-->src\main\AndroidManifest.xml:156:9-158:40
152            android:name="net.micode.notes.gtask.remote.GTaskSyncService"
152-->src\main\AndroidManifest.xml:157:13-74
153            android:exported="false" />
153-->src\main\AndroidManifest.xml:158:13-37
154
155        <meta-data
155-->src\main\AndroidManifest.xml:160:9-162:52
156            android:name="android.app.default_searchable"
156-->src\main\AndroidManifest.xml:161:13-58
157            android:value=".ui.NoteEditActivity" />
157-->src\main\AndroidManifest.xml:162:13-49
158    </application>
159
160</manifest>